<?xml version="1.0" encoding="UTF-8"?>
<testng-results skipped="0" failed="0" total="2" passed="2">
  <reporter-output>
  </reporter-output>
  <suite name="Default suite" duration-ms="108385" started-at="2020-01-30T05:12:21Z" finished-at="2020-01-30T05:14:09Z">
    <groups>
      <group name="SmokeTesting">
        <method signature="TestCreateProductTest.createProduct()[pri:0, instance:com.vtiger.productTest.TestCreateProductTest@51081592]" name="createProduct" class="com.vtiger.productTest.TestCreateProductTest"/>
      </group> <!-- SmokeTesting -->
      <group name="RegressionTesting">
        <method signature="TestCreateProductTest.createProductWith()[pri:1, instance:com.vtiger.productTest.TestCreateProductTest@51081592]" name="createProductWith" class="com.vtiger.productTest.TestCreateProductTest"/>
      </group> <!-- RegressionTesting -->
    </groups>
    <test name="Default test" duration-ms="108385" started-at="2020-01-30T05:12:21Z" finished-at="2020-01-30T05:14:09Z">
      <class name="com.vtiger.productTest.TestCreateProductTest">
        <test-method status="PASS" signature="configBC()[pri:0, instance:com.vtiger.productTest.TestCreateProductTest@51081592]" name="configBC" is-config="true" duration-ms="8546" started-at="2020-01-30T10:42:21Z" finished-at="2020-01-30T10:42:29Z">
          <reporter-output>
          </reporter-output>
        </test-method> <!-- configBC -->
        <test-method status="PASS" signature="configBM()[pri:0, instance:com.vtiger.productTest.TestCreateProductTest@51081592]" name="configBM" is-config="true" duration-ms="30479" started-at="2020-01-30T10:42:29Z" finished-at="2020-01-30T10:43:00Z">
          <reporter-output>
          </reporter-output>
        </test-method> <!-- configBM -->
        <test-method status="PASS" signature="createProduct()[pri:0, instance:com.vtiger.productTest.TestCreateProductTest@51081592]" name="createProduct" duration-ms="46898" started-at="2020-01-30T10:43:00Z" finished-at="2020-01-30T10:43:46Z">
          <reporter-output>
          </reporter-output>
        </test-method> <!-- createProduct -->
        <test-method status="PASS" signature="configAM()[pri:0, instance:com.vtiger.productTest.TestCreateProductTest@51081592]" name="configAM" is-config="true" duration-ms="3525" started-at="2020-01-30T10:43:46Z" finished-at="2020-01-30T10:43:50Z">
          <reporter-output>
          </reporter-output>
        </test-method> <!-- configAM -->
        <test-method status="PASS" signature="configBM()[pri:0, instance:com.vtiger.productTest.TestCreateProductTest@51081592]" name="configBM" is-config="true" duration-ms="4034" started-at="2020-01-30T10:43:50Z" finished-at="2020-01-30T10:43:54Z">
          <reporter-output>
          </reporter-output>
        </test-method> <!-- configBM -->
        <test-method status="PASS" signature="createProductWith()[pri:1, instance:com.vtiger.productTest.TestCreateProductTest@51081592]" name="createProductWith" duration-ms="13152" started-at="2020-01-30T10:43:54Z" finished-at="2020-01-30T10:44:07Z">
          <reporter-output>
          </reporter-output>
        </test-method> <!-- createProductWith -->
        <test-method status="PASS" signature="configAM()[pri:0, instance:com.vtiger.productTest.TestCreateProductTest@51081592]" name="configAM" is-config="true" duration-ms="1515" started-at="2020-01-30T10:44:07Z" finished-at="2020-01-30T10:44:09Z">
          <reporter-output>
          </reporter-output>
        </test-method> <!-- configAM -->
        <test-method status="PASS" signature="configAT()[pri:0, instance:com.vtiger.productTest.TestCreateProductTest@51081592]" name="configAT" is-config="true" duration-ms="210" started-at="2020-01-30T10:44:09Z" finished-at="2020-01-30T10:44:09Z">
          <reporter-output>
          </reporter-output>
        </test-method> <!-- configAT -->
      </class> <!-- com.vtiger.productTest.TestCreateProductTest -->
    </test> <!-- Default test -->
  </suite> <!-- Default suite -->
</testng-results>
