<?xml version="1.0" encoding="UTF-8"?>
<!-- Generated by org.testng.reporters.JUnitXMLReporter -->
<testsuite hostname="HenTryRAj-PC" name="Test_runner-1" tests="3" failures="0" timestamp="27 Jan 2020 13:04:25 GMT" time="154.349" errors="0">
  <testcase name="createOrganization" time="36.098" classname="com.vtiger.script.TestCreateOrganizationTest"/>
  <testcase name="toCreateOrganizationWithMember" time="29.923" classname="com.vtiger.script.TestCreateOrganizationTest"/>
  <testcase name="toCreateOrganizationWithPhoneNumber" time="23.674" classname="com.vtiger.script.TestCreateOrganizationTest"/>
</testsuite> <!-- Test_runner-1 -->
