<?xml version="1.0" encoding="UTF-8"?>
<!-- Generated by org.testng.reporters.JUnitXMLReporter -->
<testsuite hostname="HenTryRAj-PC" name="Test_runner_1" tests="3" failures="0" timestamp="27 Jan 2020 13:14:25 GMT" time="259.628" errors="0">
  <testcase name="createOrganization" time="47.21" classname="com.vtiger.script.TestCreateOrganizationTest"/>
  <testcase name="toCreateOrganizationWithMember" time="27.195" classname="com.vtiger.script.TestCreateOrganizationTest"/>
  <testcase name="toCreateOrganizationWithPhoneNumber" time="18.349" classname="com.vtiger.script.TestCreateOrganizationTest"/>
</testsuite> <!-- Test_runner_1 -->
