<?xml version="1.0" encoding="UTF-8"?>
<!-- Generated by org.testng.reporters.JUnitXMLReporter -->
<testsuite hostname="HenTryRAj-PC" name="Test_runner_2" tests="3" failures="0" timestamp="27 Jan 2020 13:14:39 GMT" time="275.983" errors="0">
  <testcase name="createCampaign" time="45.321" classname="com.vtiger.script.TestCreateCampaignTest"/>
  <testcase name="createCampaignWithProduct" time="49.303" classname="com.vtiger.script.TestCreateCampaignTest"/>
  <testcase name="createCampaignWithDescription" time="17.401" classname="com.vtiger.script.TestCreateCampaignTest"/>
</testsuite> <!-- Test_runner_2 -->
