<?xml version="1.0" encoding="UTF-8"?>
<!-- Generated by org.testng.reporters.JUnitXMLReporter -->
<testsuite hostname="HenTryRAj-PC" name="Default test" tests="3" failures="0" timestamp="28 Jan 2020 14:30:47 GMT" time="226.316" errors="0">
  <testcase name="createOrganization" time="77.392" classname="com.vtiger.script.TestCreateOrganizationTest"/>
  <testcase name="toCreateOrganizationWithMember" time="24.864" classname="com.vtiger.script.TestCreateOrganizationTest"/>
  <testcase name="toCreateOrganizationWithPhoneNumber" time="16.945" classname="com.vtiger.script.TestCreateOrganizationTest"/>
</testsuite> <!-- Default test -->
